nohup: ignoring input

> spaza-tycoon-react@1.0.0 dev
> vite

Port 3000 is in use, trying another one...

  VITE v5.4.21  ready in 174 ms

  ➜  Local:   http://localhost:3001/
  ➜  Network: use --host to expose
6:10:31 AM [vite] hmr update /src/App.tsx, /src/index.css
6:10:32 AM [vite] Internal server error: Failed to resolve import "../web3/useGrootmanMint" from "src/App.tsx". Does the file exist?
  Plugin: vite:import-analysis
  File: /home/yauncai/node_engine/spaza-tycoon-monorepo/frontend/src/App.tsx:14:28
  28 |  import { CHARACTERS, ITEMS, PHRASES } from "./data/gameData";
  29 |  import { useSound } from "./hooks/useSound";
  30 |  import useGrootmanMint from "../web3/useGrootmanMint";
     |                               ^
  31 |  import { useAccount } from "wagmi";
  32 |  import { useNFTs } from "./web3/useNFTs";
      at TransformPluginContext._formatError (file:///home/yauncai/node_engine/spaza-tycoon-monorepo/frontend/node_modules/vite/dist/node/chunks/dep-BK3b2jBa.js:49258:41)
      at TransformPluginContext.error (file:///home/yauncai/node_engine/spaza-tycoon-monorepo/frontend/node_modules/vite/dist/node/chunks/dep-BK3b2jBa.js:49253:16)
      at normalizeUrl (file:///home/yauncai/node_engine/spaza-tycoon-monorepo/frontend/node_modules/vite/dist/node/chunks/dep-BK3b2jBa.js:64307:23)
      at process.processTicksAndRejections (node:internal/process/task_queues:105:5)
      at async file:///home/yauncai/node_engine/spaza-tycoon-monorepo/frontend/node_modules/vite/dist/node/chunks/dep-BK3b2jBa.js:64439:39
      at async Promise.all (index 15)
      at async TransformPluginContext.transform (file:///home/yauncai/node_engine/spaza-tycoon-monorepo/frontend/node_modules/vite/dist/node/chunks/dep-BK3b2jBa.js:64366:7)
      at async PluginContainer.transform (file:///home/yauncai/node_engine/spaza-tycoon-monorepo/frontend/node_modules/vite/dist/node/chunks/dep-BK3b2jBa.js:49099:18)
      at async loadAndTransform (file:///home/yauncai/node_engine/spaza-tycoon-monorepo/frontend/node_modules/vite/dist/node/chunks/dep-BK3b2jBa.js:51978:27)
      at async viteTransformMiddleware (file:///home/yauncai/node_engine/spaza-tycoon-monorepo/frontend/node_modules/vite/dist/node/chunks/dep-BK3b2jBa.js:62106:24)
6:10:37 AM [vite] page reload src/App.tsx
6:10:37 AM [vite] Pre-transform error: Failed to resolve import ".../web3/useGrootmanMint" from "src/App.tsx". Does the file exist?
6:10:38 AM [vite] Internal server error: Failed to resolve import ".../web3/useGrootmanMint" from "src/App.tsx". Does the file exist?
  Plugin: vite:import-analysis
  File: /home/yauncai/node_engine/spaza-tycoon-monorepo/frontend/src/App.tsx:14:28
  28 |  import { CHARACTERS, ITEMS, PHRASES } from "./data/gameData";
  29 |  import { useSound } from "./hooks/useSound";
  30 |  import useGrootmanMint from ".../web3/useGrootmanMint";
     |                               ^
  31 |  import { useAccount } from "wagmi";
  32 |  import { useNFTs } from "./web3/useNFTs";
      at TransformPluginContext._formatError (file:///home/yauncai/node_engine/spaza-tycoon-monorepo/frontend/node_modules/vite/dist/node/chunks/dep-BK3b2jBa.js:49258:41)
      at TransformPluginContext.error (file:///home/yauncai/node_engine/spaza-tycoon-monorepo/frontend/node_modules/vite/dist/node/chunks/dep-BK3b2jBa.js:49253:16)
      at normalizeUrl (file:///home/yauncai/node_engine/spaza-tycoon-monorepo/frontend/node_modules/vite/dist/node/chunks/dep-BK3b2jBa.js:64307:23)
      at process.processTicksAndRejections (node:internal/process/task_queues:105:5)
      at async file:///home/yauncai/node_engine/spaza-tycoon-monorepo/frontend/node_modules/vite/dist/node/chunks/dep-BK3b2jBa.js:64439:39
      at async Promise.all (index 15)
      at async TransformPluginContext.transform (file:///home/yauncai/node_engine/spaza-tycoon-monorepo/frontend/node_modules/vite/dist/node/chunks/dep-BK3b2jBa.js:64366:7)
      at async PluginContainer.transform (file:///home/yauncai/node_engine/spaza-tycoon-monorepo/frontend/node_modules/vite/dist/node/chunks/dep-BK3b2jBa.js:49099:18)
      at async loadAndTransform (file:///home/yauncai/node_engine/spaza-tycoon-monorepo/frontend/node_modules/vite/dist/node/chunks/dep-BK3b2jBa.js:51978:27)
      at async viteTransformMiddleware (file:///home/yauncai/node_engine/spaza-tycoon-monorepo/frontend/node_modules/vite/dist/node/chunks/dep-BK3b2jBa.js:62106:24)
6:10:41 AM [vite] page reload src/App.tsx
6:10:42 AM [vite] hmr update /src/App.tsx, /src/index.css
6:10:42 AM [vite] Internal server error: Failed to resolve import "/web3/useGrootmanMint" from "src/App.tsx". Does the file exist?
  Plugin: vite:import-analysis
  File: /home/yauncai/node_engine/spaza-tycoon-monorepo/frontend/src/App.tsx:14:28
  28 |  import { CHARACTERS, ITEMS, PHRASES } from "./data/gameData";
  29 |  import { useSound } from "./hooks/useSound";
  30 |  import useGrootmanMint from "/web3/useGrootmanMint";
     |                               ^
  31 |  import { useAccount } from "wagmi";
  32 |  import { useNFTs } from "./web3/useNFTs";
      at TransformPluginContext._formatError (file:///home/yauncai/node_engine/spaza-tycoon-monorepo/frontend/node_modules/vite/dist/node/chunks/dep-BK3b2jBa.js:49258:41)
      at TransformPluginContext.error (file:///home/yauncai/node_engine/spaza-tycoon-monorepo/frontend/node_modules/vite/dist/node/chunks/dep-BK3b2jBa.js:49253:16)
      at normalizeUrl (file:///home/yauncai/node_engine/spaza-tycoon-monorepo/frontend/node_modules/vite/dist/node/chunks/dep-BK3b2jBa.js:64307:23)
      at process.processTicksAndRejections (node:internal/process/task_queues:105:5)
      at async file:///home/yauncai/node_engine/spaza-tycoon-monorepo/frontend/node_modules/vite/dist/node/chunks/dep-BK3b2jBa.js:64439:39
      at async Promise.all (index 15)
      at async TransformPluginContext.transform (file:///home/yauncai/node_engine/spaza-tycoon-monorepo/frontend/node_modules/vite/dist/node/chunks/dep-BK3b2jBa.js:64366:7)
      at async PluginContainer.transform (file:///home/yauncai/node_engine/spaza-tycoon-monorepo/frontend/node_modules/vite/dist/node/chunks/dep-BK3b2jBa.js:49099:18)
      at async loadAndTransform (file:///home/yauncai/node_engine/spaza-tycoon-monorepo/frontend/node_modules/vite/dist/node/chunks/dep-BK3b2jBa.js:51978:27)
      at async viteTransformMiddleware (file:///home/yauncai/node_engine/spaza-tycoon-monorepo/frontend/node_modules/vite/dist/node/chunks/dep-BK3b2jBa.js:62106:24)
6:10:45 AM [vite] page reload src/App.tsx
6:10:45 AM [vite] Pre-transform error: Failed to resolve import "web3/useGrootmanMint" from "src/App.tsx". Does the file exist?
6:10:45 AM [vite] Internal server error: Failed to resolve import "web3/useGrootmanMint" from "src/App.tsx". Does the file exist?
  Plugin: vite:import-analysis
  File: /home/yauncai/node_engine/spaza-tycoon-monorepo/frontend/src/App.tsx:14:28
  28 |  import { CHARACTERS, ITEMS, PHRASES } from "./data/gameData";
  29 |  import { useSound } from "./hooks/useSound";
  30 |  import useGrootmanMint from "web3/useGrootmanMint";
     |                               ^
  31 |  import { useAccount } from "wagmi";
  32 |  import { useNFTs } from "./web3/useNFTs";
      at TransformPluginContext._formatError (file:///home/yauncai/node_engine/spaza-tycoon-monorepo/frontend/node_modules/vite/dist/node/chunks/dep-BK3b2jBa.js:49258:41)
      at TransformPluginContext.error (file:///home/yauncai/node_engine/spaza-tycoon-monorepo/frontend/node_modules/vite/dist/node/chunks/dep-BK3b2jBa.js:49253:16)
      at normalizeUrl (file:///home/yauncai/node_engine/spaza-tycoon-monorepo/frontend/node_modules/vite/dist/node/chunks/dep-BK3b2jBa.js:64307:23)
      at process.processTicksAndRejections (node:internal/process/task_queues:105:5)
      at async file:///home/yauncai/node_engine/spaza-tycoon-monorepo/frontend/node_modules/vite/dist/node/chunks/dep-BK3b2jBa.js:64439:39
      at async Promise.all (index 15)
      at async TransformPluginContext.transform (file:///home/yauncai/node_engine/spaza-tycoon-monorepo/frontend/node_modules/vite/dist/node/chunks/dep-BK3b2jBa.js:64366:7)
      at async PluginContainer.transform (file:///home/yauncai/node_engine/spaza-tycoon-monorepo/frontend/node_modules/vite/dist/node/chunks/dep-BK3b2jBa.js:49099:18)
      at async loadAndTransform (file:///home/yauncai/node_engine/spaza-tycoon-monorepo/frontend/node_modules/vite/dist/node/chunks/dep-BK3b2jBa.js:51978:27)
      at async viteTransformMiddleware (file:///home/yauncai/node_engine/spaza-tycoon-monorepo/frontend/node_modules/vite/dist/node/chunks/dep-BK3b2jBa.js:62106:24)
6:10:52 AM [vite] page reload src/App.tsx
6:11:07 AM [vite] hmr update /src/App.tsx, /src/index.css
6:11:12 AM [vite] hmr update /src/App.tsx, /src/index.css
